2014-05-13 18:14:32,119 - SimpleLog4JLogSystem initialized using logfile 'velocity.log'
2014-05-13 18:14:32,119 - ************************************************************** 
2014-05-13 18:14:32,119 - Starting Jakarta Velocity v1.4
2014-05-13 18:14:32,119 - RuntimeInstance initializing.
2014-05-13 18:14:32,119 - Default Properties File: org\apache\velocity\runtime\defaults\velocity.properties
2014-05-13 18:14:32,119 - Trying to use logger class org.apache.velocity.runtime.log.SimpleLog4JLogSystem
2014-05-13 18:14:32,119 - Using logger class org.apache.velocity.runtime.log.SimpleLog4JLogSystem
2014-05-13 18:14:32,119 - Default ResourceManager initializing. (class org.apache.velocity.runtime.resource.ResourceManagerImpl)
2014-05-13 18:14:32,134 - Resource Loader Instantiated: org.apache.velocity.runtime.resource.loader.ClasspathResourceLoader
2014-05-13 18:14:32,134 - ClasspathResourceLoader : initialization starting.
2014-05-13 18:14:32,134 - ClasspathResourceLoader : initialization complete.
2014-05-13 18:14:32,134 - ResourceCache : initialized. (class org.apache.velocity.runtime.resource.ResourceCacheImpl)
2014-05-13 18:14:32,134 - Default ResourceManager initialization complete.
2014-05-13 18:14:32,134 - Loaded System Directive: org.apache.velocity.runtime.directive.Literal
2014-05-13 18:14:32,134 - Loaded System Directive: org.apache.velocity.runtime.directive.Macro
2014-05-13 18:14:32,150 - Loaded System Directive: org.apache.velocity.runtime.directive.Parse
2014-05-13 18:14:32,150 - Loaded System Directive: org.apache.velocity.runtime.directive.Include
2014-05-13 18:14:32,150 - Loaded System Directive: org.apache.velocity.runtime.directive.Foreach
2014-05-13 18:14:32,181 - Created: 20 parsers.
2014-05-13 18:14:32,197 - Velocimacro : initialization starting.
2014-05-13 18:14:32,197 - Velocimacro : adding VMs from VM library template : VM_global_library.vm
2014-05-13 18:14:32,197 - ResourceManager : unable to find resource 'VM_global_library.vm' in any resource loader.
2014-05-13 18:14:32,197 - Velocimacro : error using  VM library template VM_global_library.vm : org.apache.velocity.exception.ResourceNotFoundException: Unable to find resource 'VM_global_library.vm'
2014-05-13 18:14:32,197 - Velocimacro :  VM library template macro registration complete.
2014-05-13 18:14:32,197 - Velocimacro : allowInline = true : VMs can be defined inline in templates
2014-05-13 18:14:32,197 - Velocimacro : allowInlineToOverride = false : VMs defined inline may NOT replace previous VM definitions
2014-05-13 18:14:32,197 - Velocimacro : allowInlineLocal = false : VMs defined inline will be  global in scope if allowed.
2014-05-13 18:14:32,197 - Velocimacro : messages on  : VM system will output logging messages
2014-05-13 18:14:32,197 - Velocimacro : autoload off  : VM system will not automatically reload global library macros
2014-05-13 18:14:32,197 - Velocimacro : initialization complete.
2014-05-13 18:14:32,197 - Velocity successfully started.
2014-05-13 18:14:36,612 - ResourceManager : found repast/simphony/scenario/Scenario.vt with loader org.apache.velocity.runtime.resource.loader.ClasspathResourceLoader
2015-04-01 00:59:43,247 - SimpleLog4JLogSystem initialized using logfile 'velocity.log'
2015-04-01 00:59:43,287 - ************************************************************** 
2015-04-01 00:59:43,287 - Starting Jakarta Velocity v1.4
2015-04-01 00:59:43,287 - RuntimeInstance initializing.
2015-04-01 00:59:43,287 - Default Properties File: org\apache\velocity\runtime\defaults\velocity.properties
2015-04-01 00:59:43,287 - Trying to use logger class org.apache.velocity.runtime.log.SimpleLog4JLogSystem
2015-04-01 00:59:43,287 - Using logger class org.apache.velocity.runtime.log.SimpleLog4JLogSystem
2015-04-01 00:59:43,297 - Default ResourceManager initializing. (class org.apache.velocity.runtime.resource.ResourceManagerImpl)
2015-04-01 00:59:43,297 - Resource Loader Instantiated: org.apache.velocity.runtime.resource.loader.ClasspathResourceLoader
2015-04-01 00:59:43,297 - ClasspathResourceLoader : initialization starting.
2015-04-01 00:59:43,297 - ClasspathResourceLoader : initialization complete.
2015-04-01 00:59:43,297 - ResourceCache : initialized. (class org.apache.velocity.runtime.resource.ResourceCacheImpl)
2015-04-01 00:59:43,297 - Default ResourceManager initialization complete.
2015-04-01 00:59:43,307 - Loaded System Directive: org.apache.velocity.runtime.directive.Literal
2015-04-01 00:59:43,307 - Loaded System Directive: org.apache.velocity.runtime.directive.Macro
2015-04-01 00:59:43,307 - Loaded System Directive: org.apache.velocity.runtime.directive.Parse
2015-04-01 00:59:43,307 - Loaded System Directive: org.apache.velocity.runtime.directive.Include
2015-04-01 00:59:43,307 - Loaded System Directive: org.apache.velocity.runtime.directive.Foreach
2015-04-01 00:59:43,347 - Created: 20 parsers.
2015-04-01 00:59:43,357 - Velocimacro : initialization starting.
2015-04-01 00:59:43,357 - Velocimacro : adding VMs from VM library template : VM_global_library.vm
2015-04-01 00:59:43,367 - ResourceManager : unable to find resource 'VM_global_library.vm' in any resource loader.
2015-04-01 00:59:43,367 - Velocimacro : error using  VM library template VM_global_library.vm : org.apache.velocity.exception.ResourceNotFoundException: Unable to find resource 'VM_global_library.vm'
2015-04-01 00:59:43,367 - Velocimacro :  VM library template macro registration complete.
2015-04-01 00:59:43,367 - Velocimacro : allowInline = true : VMs can be defined inline in templates
2015-04-01 00:59:43,367 - Velocimacro : allowInlineToOverride = false : VMs defined inline may NOT replace previous VM definitions
2015-04-01 00:59:43,367 - Velocimacro : allowInlineLocal = false : VMs defined inline will be  global in scope if allowed.
2015-04-01 00:59:43,367 - Velocimacro : messages on  : VM system will output logging messages
2015-04-01 00:59:43,367 - Velocimacro : autoload off  : VM system will not automatically reload global library macros
2015-04-01 00:59:43,367 - Velocimacro : initialization complete.
2015-04-01 00:59:43,367 - Velocity successfully started.
2015-04-02 01:24:54,334 - SimpleLog4JLogSystem initialized using logfile 'velocity.log'
2015-04-02 01:24:54,367 - ************************************************************** 
2015-04-02 01:24:54,367 - Starting Jakarta Velocity v1.4
2015-04-02 01:24:54,368 - RuntimeInstance initializing.
2015-04-02 01:24:54,368 - Default Properties File: org\apache\velocity\runtime\defaults\velocity.properties
2015-04-02 01:24:54,368 - Trying to use logger class org.apache.velocity.runtime.log.SimpleLog4JLogSystem
2015-04-02 01:24:54,368 - Using logger class org.apache.velocity.runtime.log.SimpleLog4JLogSystem
2015-04-02 01:24:54,376 - Default ResourceManager initializing. (class org.apache.velocity.runtime.resource.ResourceManagerImpl)
2015-04-02 01:24:54,383 - Resource Loader Instantiated: org.apache.velocity.runtime.resource.loader.ClasspathResourceLoader
2015-04-02 01:24:54,383 - ClasspathResourceLoader : initialization starting.
2015-04-02 01:24:54,383 - ClasspathResourceLoader : initialization complete.
2015-04-02 01:24:54,387 - ResourceCache : initialized. (class org.apache.velocity.runtime.resource.ResourceCacheImpl)
2015-04-02 01:24:54,387 - Default ResourceManager initialization complete.
2015-04-02 01:24:54,393 - Loaded System Directive: org.apache.velocity.runtime.directive.Literal
2015-04-02 01:24:54,395 - Loaded System Directive: org.apache.velocity.runtime.directive.Macro
2015-04-02 01:24:54,398 - Loaded System Directive: org.apache.velocity.runtime.directive.Parse
2015-04-02 01:24:54,400 - Loaded System Directive: org.apache.velocity.runtime.directive.Include
2015-04-02 01:24:54,401 - Loaded System Directive: org.apache.velocity.runtime.directive.Foreach
2015-04-02 01:24:54,431 - Created: 20 parsers.
2015-04-02 01:24:54,439 - Velocimacro : initialization starting.
2015-04-02 01:24:54,440 - Velocimacro : adding VMs from VM library template : VM_global_library.vm
2015-04-02 01:24:54,467 - ResourceManager : unable to find resource 'VM_global_library.vm' in any resource loader.
2015-04-02 01:24:54,470 - Velocimacro : error using  VM library template VM_global_library.vm : org.apache.velocity.exception.ResourceNotFoundException: Unable to find resource 'VM_global_library.vm'
2015-04-02 01:24:54,470 - Velocimacro :  VM library template macro registration complete.
2015-04-02 01:24:54,470 - Velocimacro : allowInline = true : VMs can be defined inline in templates
2015-04-02 01:24:54,470 - Velocimacro : allowInlineToOverride = false : VMs defined inline may NOT replace previous VM definitions
2015-04-02 01:24:54,470 - Velocimacro : allowInlineLocal = false : VMs defined inline will be  global in scope if allowed.
2015-04-02 01:24:54,470 - Velocimacro : messages on  : VM system will output logging messages
2015-04-02 01:24:54,470 - Velocimacro : autoload off  : VM system will not automatically reload global library macros
2015-04-02 01:24:54,470 - Velocimacro : initialization complete.
2015-04-02 01:24:54,470 - Velocity successfully started.
2015-04-02 01:28:10,757 - SimpleLog4JLogSystem initialized using logfile 'velocity.log'
2015-04-02 01:28:10,757 - ************************************************************** 
2015-04-02 01:28:10,757 - Starting Jakarta Velocity v1.4
2015-04-02 01:28:10,757 - RuntimeInstance initializing.
2015-04-02 01:28:10,757 - Default Properties File: org\apache\velocity\runtime\defaults\velocity.properties
2015-04-02 01:28:10,757 - Trying to use logger class org.apache.velocity.runtime.log.SimpleLog4JLogSystem
2015-04-02 01:28:10,757 - Using logger class org.apache.velocity.runtime.log.SimpleLog4JLogSystem
2015-04-02 01:28:10,761 - Default ResourceManager initializing. (class org.apache.velocity.runtime.resource.ResourceManagerImpl)
2015-04-02 01:28:10,764 - Resource Loader Instantiated: org.apache.velocity.runtime.resource.loader.ClasspathResourceLoader
2015-04-02 01:28:10,764 - ClasspathResourceLoader : initialization starting.
2015-04-02 01:28:10,764 - ClasspathResourceLoader : initialization complete.
2015-04-02 01:28:10,767 - ResourceCache : initialized. (class org.apache.velocity.runtime.resource.ResourceCacheImpl)
2015-04-02 01:28:10,767 - Default ResourceManager initialization complete.
2015-04-02 01:28:10,771 - Loaded System Directive: org.apache.velocity.runtime.directive.Literal
2015-04-02 01:28:10,773 - Loaded System Directive: org.apache.velocity.runtime.directive.Macro
2015-04-02 01:28:10,777 - Loaded System Directive: org.apache.velocity.runtime.directive.Parse
2015-04-02 01:28:10,779 - Loaded System Directive: org.apache.velocity.runtime.directive.Include
2015-04-02 01:28:10,780 - Loaded System Directive: org.apache.velocity.runtime.directive.Foreach
2015-04-02 01:28:10,809 - Created: 20 parsers.
2015-04-02 01:28:10,817 - Velocimacro : initialization starting.
2015-04-02 01:28:10,817 - Velocimacro : adding VMs from VM library template : VM_global_library.vm
2015-04-02 01:28:10,830 - ResourceManager : unable to find resource 'VM_global_library.vm' in any resource loader.
2015-04-02 01:28:10,830 - Velocimacro : error using  VM library template VM_global_library.vm : org.apache.velocity.exception.ResourceNotFoundException: Unable to find resource 'VM_global_library.vm'
2015-04-02 01:28:10,830 - Velocimacro :  VM library template macro registration complete.
2015-04-02 01:28:10,830 - Velocimacro : allowInline = true : VMs can be defined inline in templates
2015-04-02 01:28:10,830 - Velocimacro : allowInlineToOverride = false : VMs defined inline may NOT replace previous VM definitions
2015-04-02 01:28:10,830 - Velocimacro : allowInlineLocal = false : VMs defined inline will be  global in scope if allowed.
2015-04-02 01:28:10,830 - Velocimacro : messages on  : VM system will output logging messages
2015-04-02 01:28:10,831 - Velocimacro : autoload off  : VM system will not automatically reload global library macros
2015-04-02 01:28:10,831 - Velocimacro : initialization complete.
2015-04-02 01:28:10,831 - Velocity successfully started.
2015-04-07 13:58:44,185 - SimpleLog4JLogSystem initialized using logfile 'velocity.log'
2015-04-07 13:58:44,202 - ************************************************************** 
2015-04-07 13:58:44,202 - Starting Jakarta Velocity v1.4
2015-04-07 13:58:44,202 - RuntimeInstance initializing.
2015-04-07 13:58:44,202 - Default Properties File: org\apache\velocity\runtime\defaults\velocity.properties
2015-04-07 13:58:44,202 - Trying to use logger class org.apache.velocity.runtime.log.SimpleLog4JLogSystem
2015-04-07 13:58:44,202 - Using logger class org.apache.velocity.runtime.log.SimpleLog4JLogSystem
2015-04-07 13:58:44,208 - Default ResourceManager initializing. (class org.apache.velocity.runtime.resource.ResourceManagerImpl)
2015-04-07 13:58:44,214 - Resource Loader Instantiated: org.apache.velocity.runtime.resource.loader.ClasspathResourceLoader
2015-04-07 13:58:44,214 - ClasspathResourceLoader : initialization starting.
2015-04-07 13:58:44,214 - ClasspathResourceLoader : initialization complete.
2015-04-07 13:58:44,218 - ResourceCache : initialized. (class org.apache.velocity.runtime.resource.ResourceCacheImpl)
2015-04-07 13:58:44,218 - Default ResourceManager initialization complete.
2015-04-07 13:58:44,225 - Loaded System Directive: org.apache.velocity.runtime.directive.Literal
2015-04-07 13:58:44,228 - Loaded System Directive: org.apache.velocity.runtime.directive.Macro
2015-04-07 13:58:44,233 - Loaded System Directive: org.apache.velocity.runtime.directive.Parse
2015-04-07 13:58:44,236 - Loaded System Directive: org.apache.velocity.runtime.directive.Include
2015-04-07 13:58:44,238 - Loaded System Directive: org.apache.velocity.runtime.directive.Foreach
2015-04-07 13:58:44,283 - Created: 20 parsers.
2015-04-07 13:58:44,297 - Velocimacro : initialization starting.
2015-04-07 13:58:44,297 - Velocimacro : adding VMs from VM library template : VM_global_library.vm
2015-04-07 13:58:44,311 - ResourceManager : unable to find resource 'VM_global_library.vm' in any resource loader.
2015-04-07 13:58:44,311 - Velocimacro : error using  VM library template VM_global_library.vm : org.apache.velocity.exception.ResourceNotFoundException: Unable to find resource 'VM_global_library.vm'
2015-04-07 13:58:44,311 - Velocimacro :  VM library template macro registration complete.
2015-04-07 13:58:44,311 - Velocimacro : allowInline = true : VMs can be defined inline in templates
2015-04-07 13:58:44,311 - Velocimacro : allowInlineToOverride = false : VMs defined inline may NOT replace previous VM definitions
2015-04-07 13:58:44,311 - Velocimacro : allowInlineLocal = false : VMs defined inline will be  global in scope if allowed.
2015-04-07 13:58:44,311 - Velocimacro : messages on  : VM system will output logging messages
2015-04-07 13:58:44,311 - Velocimacro : autoload off  : VM system will not automatically reload global library macros
2015-04-07 13:58:44,311 - Velocimacro : initialization complete.
2015-04-07 13:58:44,312 - Velocity successfully started.
2015-04-07 14:02:59,831 - SimpleLog4JLogSystem initialized using logfile 'velocity.log'
2015-04-07 14:02:59,831 - ************************************************************** 
2015-04-07 14:02:59,831 - Starting Jakarta Velocity v1.4
2015-04-07 14:02:59,831 - RuntimeInstance initializing.
2015-04-07 14:02:59,831 - Default Properties File: org\apache\velocity\runtime\defaults\velocity.properties
2015-04-07 14:02:59,832 - Trying to use logger class org.apache.velocity.runtime.log.SimpleLog4JLogSystem
2015-04-07 14:02:59,832 - Using logger class org.apache.velocity.runtime.log.SimpleLog4JLogSystem
2015-04-07 14:02:59,836 - Default ResourceManager initializing. (class org.apache.velocity.runtime.resource.ResourceManagerImpl)
2015-04-07 14:02:59,840 - Resource Loader Instantiated: org.apache.velocity.runtime.resource.loader.ClasspathResourceLoader
2015-04-07 14:02:59,840 - ClasspathResourceLoader : initialization starting.
2015-04-07 14:02:59,840 - ClasspathResourceLoader : initialization complete.
2015-04-07 14:02:59,843 - ResourceCache : initialized. (class org.apache.velocity.runtime.resource.ResourceCacheImpl)
2015-04-07 14:02:59,843 - Default ResourceManager initialization complete.
2015-04-07 14:02:59,849 - Loaded System Directive: org.apache.velocity.runtime.directive.Literal
2015-04-07 14:02:59,852 - Loaded System Directive: org.apache.velocity.runtime.directive.Macro
2015-04-07 14:02:59,856 - Loaded System Directive: org.apache.velocity.runtime.directive.Parse
2015-04-07 14:02:59,859 - Loaded System Directive: org.apache.velocity.runtime.directive.Include
2015-04-07 14:02:59,860 - Loaded System Directive: org.apache.velocity.runtime.directive.Foreach
2015-04-07 14:02:59,920 - Created: 20 parsers.
2015-04-07 14:02:59,931 - Velocimacro : initialization starting.
2015-04-07 14:02:59,931 - Velocimacro : adding VMs from VM library template : VM_global_library.vm
2015-04-07 14:02:59,943 - ResourceManager : unable to find resource 'VM_global_library.vm' in any resource loader.
2015-04-07 14:02:59,943 - Velocimacro : error using  VM library template VM_global_library.vm : org.apache.velocity.exception.ResourceNotFoundException: Unable to find resource 'VM_global_library.vm'
2015-04-07 14:02:59,943 - Velocimacro :  VM library template macro registration complete.
2015-04-07 14:02:59,943 - Velocimacro : allowInline = true : VMs can be defined inline in templates
2015-04-07 14:02:59,943 - Velocimacro : allowInlineToOverride = false : VMs defined inline may NOT replace previous VM definitions
2015-04-07 14:02:59,943 - Velocimacro : allowInlineLocal = false : VMs defined inline will be  global in scope if allowed.
2015-04-07 14:02:59,943 - Velocimacro : messages on  : VM system will output logging messages
2015-04-07 14:02:59,943 - Velocimacro : autoload off  : VM system will not automatically reload global library macros
2015-04-07 14:02:59,943 - Velocimacro : initialization complete.
2015-04-07 14:02:59,943 - Velocity successfully started.
2015-04-07 14:04:10,760 - SimpleLog4JLogSystem initialized using logfile 'velocity.log'
2015-04-07 14:04:10,761 - ************************************************************** 
2015-04-07 14:04:10,761 - Starting Jakarta Velocity v1.4
2015-04-07 14:04:10,761 - RuntimeInstance initializing.
2015-04-07 14:04:10,761 - Default Properties File: org\apache\velocity\runtime\defaults\velocity.properties
2015-04-07 14:04:10,761 - Trying to use logger class org.apache.velocity.runtime.log.SimpleLog4JLogSystem
2015-04-07 14:04:10,761 - Using logger class org.apache.velocity.runtime.log.SimpleLog4JLogSystem
2015-04-07 14:04:10,765 - Default ResourceManager initializing. (class org.apache.velocity.runtime.resource.ResourceManagerImpl)
2015-04-07 14:04:10,768 - Resource Loader Instantiated: org.apache.velocity.runtime.resource.loader.ClasspathResourceLoader
2015-04-07 14:04:10,768 - ClasspathResourceLoader : initialization starting.
2015-04-07 14:04:10,769 - ClasspathResourceLoader : initialization complete.
2015-04-07 14:04:10,770 - ResourceCache : initialized. (class org.apache.velocity.runtime.resource.ResourceCacheImpl)
2015-04-07 14:04:10,770 - Default ResourceManager initialization complete.
2015-04-07 14:04:10,774 - Loaded System Directive: org.apache.velocity.runtime.directive.Literal
2015-04-07 14:04:10,776 - Loaded System Directive: org.apache.velocity.runtime.directive.Macro
2015-04-07 14:04:10,780 - Loaded System Directive: org.apache.velocity.runtime.directive.Parse
2015-04-07 14:04:10,782 - Loaded System Directive: org.apache.velocity.runtime.directive.Include
2015-04-07 14:04:10,784 - Loaded System Directive: org.apache.velocity.runtime.directive.Foreach
2015-04-07 14:04:10,814 - Created: 20 parsers.
2015-04-07 14:04:10,822 - Velocimacro : initialization starting.
2015-04-07 14:04:10,823 - Velocimacro : adding VMs from VM library template : VM_global_library.vm
2015-04-07 14:04:10,831 - ResourceManager : unable to find resource 'VM_global_library.vm' in any resource loader.
2015-04-07 14:04:10,831 - Velocimacro : error using  VM library template VM_global_library.vm : org.apache.velocity.exception.ResourceNotFoundException: Unable to find resource 'VM_global_library.vm'
2015-04-07 14:04:10,831 - Velocimacro :  VM library template macro registration complete.
2015-04-07 14:04:10,832 - Velocimacro : allowInline = true : VMs can be defined inline in templates
2015-04-07 14:04:10,832 - Velocimacro : allowInlineToOverride = false : VMs defined inline may NOT replace previous VM definitions
2015-04-07 14:04:10,832 - Velocimacro : allowInlineLocal = false : VMs defined inline will be  global in scope if allowed.
2015-04-07 14:04:10,832 - Velocimacro : messages on  : VM system will output logging messages
2015-04-07 14:04:10,832 - Velocimacro : autoload off  : VM system will not automatically reload global library macros
2015-04-07 14:04:10,832 - Velocimacro : initialization complete.
2015-04-07 14:04:10,832 - Velocity successfully started.
2015-04-07 14:05:44,090 - SimpleLog4JLogSystem initialized using logfile 'velocity.log'
2015-04-07 14:05:44,090 - ************************************************************** 
2015-04-07 14:05:44,090 - Starting Jakarta Velocity v1.4
2015-04-07 14:05:44,090 - RuntimeInstance initializing.
2015-04-07 14:05:44,090 - Default Properties File: org\apache\velocity\runtime\defaults\velocity.properties
2015-04-07 14:05:44,090 - Trying to use logger class org.apache.velocity.runtime.log.SimpleLog4JLogSystem
2015-04-07 14:05:44,090 - Using logger class org.apache.velocity.runtime.log.SimpleLog4JLogSystem
2015-04-07 14:05:44,095 - Default ResourceManager initializing. (class org.apache.velocity.runtime.resource.ResourceManagerImpl)
2015-04-07 14:05:44,100 - Resource Loader Instantiated: org.apache.velocity.runtime.resource.loader.ClasspathResourceLoader
2015-04-07 14:05:44,100 - ClasspathResourceLoader : initialization starting.
2015-04-07 14:05:44,100 - ClasspathResourceLoader : initialization complete.
2015-04-07 14:05:44,102 - ResourceCache : initialized. (class org.apache.velocity.runtime.resource.ResourceCacheImpl)
2015-04-07 14:05:44,102 - Default ResourceManager initialization complete.
2015-04-07 14:05:44,107 - Loaded System Directive: org.apache.velocity.runtime.directive.Literal
2015-04-07 14:05:44,108 - Loaded System Directive: org.apache.velocity.runtime.directive.Macro
2015-04-07 14:05:44,110 - Loaded System Directive: org.apache.velocity.runtime.directive.Parse
2015-04-07 14:05:44,112 - Loaded System Directive: org.apache.velocity.runtime.directive.Include
2015-04-07 14:05:44,113 - Loaded System Directive: org.apache.velocity.runtime.directive.Foreach
2015-04-07 14:05:44,144 - Created: 20 parsers.
2015-04-07 14:05:44,151 - Velocimacro : initialization starting.
2015-04-07 14:05:44,151 - Velocimacro : adding VMs from VM library template : VM_global_library.vm
2015-04-07 14:05:44,160 - ResourceManager : unable to find resource 'VM_global_library.vm' in any resource loader.
2015-04-07 14:05:44,160 - Velocimacro : error using  VM library template VM_global_library.vm : org.apache.velocity.exception.ResourceNotFoundException: Unable to find resource 'VM_global_library.vm'
2015-04-07 14:05:44,160 - Velocimacro :  VM library template macro registration complete.
2015-04-07 14:05:44,160 - Velocimacro : allowInline = true : VMs can be defined inline in templates
2015-04-07 14:05:44,160 - Velocimacro : allowInlineToOverride = false : VMs defined inline may NOT replace previous VM definitions
2015-04-07 14:05:44,160 - Velocimacro : allowInlineLocal = false : VMs defined inline will be  global in scope if allowed.
2015-04-07 14:05:44,160 - Velocimacro : messages on  : VM system will output logging messages
2015-04-07 14:05:44,160 - Velocimacro : autoload off  : VM system will not automatically reload global library macros
2015-04-07 14:05:44,160 - Velocimacro : initialization complete.
2015-04-07 14:05:44,160 - Velocity successfully started.
2015-04-07 14:06:58,226 - SimpleLog4JLogSystem initialized using logfile 'velocity.log'
2015-04-07 14:06:58,226 - ************************************************************** 
2015-04-07 14:06:58,226 - Starting Jakarta Velocity v1.4
2015-04-07 14:06:58,226 - RuntimeInstance initializing.
2015-04-07 14:06:58,226 - Default Properties File: org\apache\velocity\runtime\defaults\velocity.properties
2015-04-07 14:06:58,226 - Trying to use logger class org.apache.velocity.runtime.log.SimpleLog4JLogSystem
2015-04-07 14:06:58,226 - Using logger class org.apache.velocity.runtime.log.SimpleLog4JLogSystem
2015-04-07 14:06:58,226 - Default ResourceManager initializing. (class org.apache.velocity.runtime.resource.ResourceManagerImpl)
2015-04-07 14:06:58,226 - Resource Loader Instantiated: org.apache.velocity.runtime.resource.loader.ClasspathResourceLoader
2015-04-07 14:06:58,226 - ClasspathResourceLoader : initialization starting.
2015-04-07 14:06:58,226 - ClasspathResourceLoader : initialization complete.
2015-04-07 14:06:58,226 - ResourceCache : initialized. (class org.apache.velocity.runtime.resource.ResourceCacheImpl)
2015-04-07 14:06:58,226 - Default ResourceManager initialization complete.
2015-04-07 14:06:58,236 - Loaded System Directive: org.apache.velocity.runtime.directive.Literal
2015-04-07 14:06:58,236 - Loaded System Directive: org.apache.velocity.runtime.directive.Macro
2015-04-07 14:06:58,236 - Loaded System Directive: org.apache.velocity.runtime.directive.Parse
2015-04-07 14:06:58,246 - Loaded System Directive: org.apache.velocity.runtime.directive.Include
2015-04-07 14:06:58,246 - Loaded System Directive: org.apache.velocity.runtime.directive.Foreach
2015-04-07 14:06:58,276 - Created: 20 parsers.
2015-04-07 14:06:58,286 - Velocimacro : initialization starting.
2015-04-07 14:06:58,286 - Velocimacro : adding VMs from VM library template : VM_global_library.vm
2015-04-07 14:06:58,296 - ResourceManager : unable to find resource 'VM_global_library.vm' in any resource loader.
2015-04-07 14:06:58,296 - Velocimacro : error using  VM library template VM_global_library.vm : org.apache.velocity.exception.ResourceNotFoundException: Unable to find resource 'VM_global_library.vm'
2015-04-07 14:06:58,296 - Velocimacro :  VM library template macro registration complete.
2015-04-07 14:06:58,296 - Velocimacro : allowInline = true : VMs can be defined inline in templates
2015-04-07 14:06:58,296 - Velocimacro : allowInlineToOverride = false : VMs defined inline may NOT replace previous VM definitions
2015-04-07 14:06:58,296 - Velocimacro : allowInlineLocal = false : VMs defined inline will be  global in scope if allowed.
2015-04-07 14:06:58,296 - Velocimacro : messages on  : VM system will output logging messages
2015-04-07 14:06:58,296 - Velocimacro : autoload off  : VM system will not automatically reload global library macros
2015-04-07 14:06:58,296 - Velocimacro : initialization complete.
2015-04-07 14:06:58,296 - Velocity successfully started.
2015-04-07 14:18:02,635 - SimpleLog4JLogSystem initialized using logfile 'velocity.log'
2015-04-07 14:18:02,635 - ************************************************************** 
2015-04-07 14:18:02,635 - Starting Jakarta Velocity v1.4
2015-04-07 14:18:02,635 - RuntimeInstance initializing.
2015-04-07 14:18:02,635 - Default Properties File: org\apache\velocity\runtime\defaults\velocity.properties
2015-04-07 14:18:02,635 - Trying to use logger class org.apache.velocity.runtime.log.SimpleLog4JLogSystem
2015-04-07 14:18:02,635 - Using logger class org.apache.velocity.runtime.log.SimpleLog4JLogSystem
2015-04-07 14:18:02,639 - Default ResourceManager initializing. (class org.apache.velocity.runtime.resource.ResourceManagerImpl)
2015-04-07 14:18:02,643 - Resource Loader Instantiated: org.apache.velocity.runtime.resource.loader.ClasspathResourceLoader
2015-04-07 14:18:02,643 - ClasspathResourceLoader : initialization starting.
2015-04-07 14:18:02,643 - ClasspathResourceLoader : initialization complete.
2015-04-07 14:18:02,645 - ResourceCache : initialized. (class org.apache.velocity.runtime.resource.ResourceCacheImpl)
2015-04-07 14:18:02,645 - Default ResourceManager initialization complete.
2015-04-07 14:18:02,649 - Loaded System Directive: org.apache.velocity.runtime.directive.Literal
2015-04-07 14:18:02,651 - Loaded System Directive: org.apache.velocity.runtime.directive.Macro
2015-04-07 14:18:02,653 - Loaded System Directive: org.apache.velocity.runtime.directive.Parse
2015-04-07 14:18:02,655 - Loaded System Directive: org.apache.velocity.runtime.directive.Include
2015-04-07 14:18:02,656 - Loaded System Directive: org.apache.velocity.runtime.directive.Foreach
2015-04-07 14:18:02,684 - Created: 20 parsers.
2015-04-07 14:18:02,691 - Velocimacro : initialization starting.
2015-04-07 14:18:02,692 - Velocimacro : adding VMs from VM library template : VM_global_library.vm
2015-04-07 14:18:02,701 - ResourceManager : unable to find resource 'VM_global_library.vm' in any resource loader.
2015-04-07 14:18:02,701 - Velocimacro : error using  VM library template VM_global_library.vm : org.apache.velocity.exception.ResourceNotFoundException: Unable to find resource 'VM_global_library.vm'
2015-04-07 14:18:02,701 - Velocimacro :  VM library template macro registration complete.
2015-04-07 14:18:02,702 - Velocimacro : allowInline = true : VMs can be defined inline in templates
2015-04-07 14:18:02,702 - Velocimacro : allowInlineToOverride = false : VMs defined inline may NOT replace previous VM definitions
2015-04-07 14:18:02,702 - Velocimacro : allowInlineLocal = false : VMs defined inline will be  global in scope if allowed.
2015-04-07 14:18:02,702 - Velocimacro : messages on  : VM system will output logging messages
2015-04-07 14:18:02,702 - Velocimacro : autoload off  : VM system will not automatically reload global library macros
2015-04-07 14:18:02,702 - Velocimacro : initialization complete.
2015-04-07 14:18:02,702 - Velocity successfully started.
2015-04-07 14:20:19,610 - SimpleLog4JLogSystem initialized using logfile 'velocity.log'
2015-04-07 14:20:19,610 - ************************************************************** 
2015-04-07 14:20:19,610 - Starting Jakarta Velocity v1.4
2015-04-07 14:20:19,610 - RuntimeInstance initializing.
2015-04-07 14:20:19,610 - Default Properties File: org\apache\velocity\runtime\defaults\velocity.properties
2015-04-07 14:20:19,610 - Trying to use logger class org.apache.velocity.runtime.log.SimpleLog4JLogSystem
2015-04-07 14:20:19,610 - Using logger class org.apache.velocity.runtime.log.SimpleLog4JLogSystem
2015-04-07 14:20:19,625 - Default ResourceManager initializing. (class org.apache.velocity.runtime.resource.ResourceManagerImpl)
2015-04-07 14:20:19,625 - Resource Loader Instantiated: org.apache.velocity.runtime.resource.loader.ClasspathResourceLoader
2015-04-07 14:20:19,625 - ClasspathResourceLoader : initialization starting.
2015-04-07 14:20:19,625 - ClasspathResourceLoader : initialization complete.
2015-04-07 14:20:19,625 - ResourceCache : initialized. (class org.apache.velocity.runtime.resource.ResourceCacheImpl)
2015-04-07 14:20:19,625 - Default ResourceManager initialization complete.
2015-04-07 14:20:19,625 - Loaded System Directive: org.apache.velocity.runtime.directive.Literal
2015-04-07 14:20:19,625 - Loaded System Directive: org.apache.velocity.runtime.directive.Macro
2015-04-07 14:20:19,625 - Loaded System Directive: org.apache.velocity.runtime.directive.Parse
2015-04-07 14:20:19,641 - Loaded System Directive: org.apache.velocity.runtime.directive.Include
2015-04-07 14:20:19,641 - Loaded System Directive: org.apache.velocity.runtime.directive.Foreach
2015-04-07 14:20:19,672 - Created: 20 parsers.
2015-04-07 14:20:19,672 - Velocimacro : initialization starting.
2015-04-07 14:20:19,672 - Velocimacro : adding VMs from VM library template : VM_global_library.vm
2015-04-07 14:20:19,688 - ResourceManager : unable to find resource 'VM_global_library.vm' in any resource loader.
2015-04-07 14:20:19,688 - Velocimacro : error using  VM library template VM_global_library.vm : org.apache.velocity.exception.ResourceNotFoundException: Unable to find resource 'VM_global_library.vm'
2015-04-07 14:20:19,688 - Velocimacro :  VM library template macro registration complete.
2015-04-07 14:20:19,688 - Velocimacro : allowInline = true : VMs can be defined inline in templates
2015-04-07 14:20:19,688 - Velocimacro : allowInlineToOverride = false : VMs defined inline may NOT replace previous VM definitions
2015-04-07 14:20:19,688 - Velocimacro : allowInlineLocal = false : VMs defined inline will be  global in scope if allowed.
2015-04-07 14:20:19,688 - Velocimacro : messages on  : VM system will output logging messages
2015-04-07 14:20:19,688 - Velocimacro : autoload off  : VM system will not automatically reload global library macros
2015-04-07 14:20:19,688 - Velocimacro : initialization complete.
2015-04-07 14:20:19,688 - Velocity successfully started.
2015-04-07 14:34:01,149 - SimpleLog4JLogSystem initialized using logfile 'velocity.log'
2015-04-07 14:34:01,149 - ************************************************************** 
2015-04-07 14:34:01,149 - Starting Jakarta Velocity v1.4
2015-04-07 14:34:01,149 - RuntimeInstance initializing.
2015-04-07 14:34:01,149 - Default Properties File: org\apache\velocity\runtime\defaults\velocity.properties
2015-04-07 14:34:01,149 - Trying to use logger class org.apache.velocity.runtime.log.SimpleLog4JLogSystem
2015-04-07 14:34:01,149 - Using logger class org.apache.velocity.runtime.log.SimpleLog4JLogSystem
2015-04-07 14:34:01,149 - Default ResourceManager initializing. (class org.apache.velocity.runtime.resource.ResourceManagerImpl)
2015-04-07 14:34:01,164 - Resource Loader Instantiated: org.apache.velocity.runtime.resource.loader.ClasspathResourceLoader
2015-04-07 14:34:01,164 - ClasspathResourceLoader : initialization starting.
2015-04-07 14:34:01,164 - ClasspathResourceLoader : initialization complete.
2015-04-07 14:34:01,164 - ResourceCache : initialized. (class org.apache.velocity.runtime.resource.ResourceCacheImpl)
2015-04-07 14:34:01,164 - Default ResourceManager initialization complete.
2015-04-07 14:34:01,164 - Loaded System Directive: org.apache.velocity.runtime.directive.Literal
2015-04-07 14:34:01,164 - Loaded System Directive: org.apache.velocity.runtime.directive.Macro
2015-04-07 14:34:01,180 - Loaded System Directive: org.apache.velocity.runtime.directive.Parse
2015-04-07 14:34:01,180 - Loaded System Directive: org.apache.velocity.runtime.directive.Include
2015-04-07 14:34:01,180 - Loaded System Directive: org.apache.velocity.runtime.directive.Foreach
2015-04-07 14:34:01,211 - Created: 20 parsers.
2015-04-07 14:34:01,227 - Velocimacro : initialization starting.
2015-04-07 14:34:01,227 - Velocimacro : adding VMs from VM library template : VM_global_library.vm
2015-04-07 14:34:01,242 - ResourceManager : unable to find resource 'VM_global_library.vm' in any resource loader.
2015-04-07 14:34:01,242 - Velocimacro : error using  VM library template VM_global_library.vm : org.apache.velocity.exception.ResourceNotFoundException: Unable to find resource 'VM_global_library.vm'
2015-04-07 14:34:01,242 - Velocimacro :  VM library template macro registration complete.
2015-04-07 14:34:01,242 - Velocimacro : allowInline = true : VMs can be defined inline in templates
2015-04-07 14:34:01,242 - Velocimacro : allowInlineToOverride = false : VMs defined inline may NOT replace previous VM definitions
2015-04-07 14:34:01,242 - Velocimacro : allowInlineLocal = false : VMs defined inline will be  global in scope if allowed.
2015-04-07 14:34:01,242 - Velocimacro : messages on  : VM system will output logging messages
2015-04-07 14:34:01,242 - Velocimacro : autoload off  : VM system will not automatically reload global library macros
2015-04-07 14:34:01,242 - Velocimacro : initialization complete.
2015-04-07 14:34:01,242 - Velocity successfully started.
2015-04-07 15:55:00,224 - SimpleLog4JLogSystem initialized using logfile 'velocity.log'
2015-04-07 15:55:00,224 - ************************************************************** 
2015-04-07 15:55:00,224 - Starting Jakarta Velocity v1.4
2015-04-07 15:55:00,224 - RuntimeInstance initializing.
2015-04-07 15:55:00,224 - Default Properties File: org\apache\velocity\runtime\defaults\velocity.properties
2015-04-07 15:55:00,224 - Trying to use logger class org.apache.velocity.runtime.log.SimpleLog4JLogSystem
2015-04-07 15:55:00,224 - Using logger class org.apache.velocity.runtime.log.SimpleLog4JLogSystem
2015-04-07 15:55:00,224 - Default ResourceManager initializing. (class org.apache.velocity.runtime.resource.ResourceManagerImpl)
2015-04-07 15:55:00,224 - Resource Loader Instantiated: org.apache.velocity.runtime.resource.loader.ClasspathResourceLoader
2015-04-07 15:55:00,224 - ClasspathResourceLoader : initialization starting.
2015-04-07 15:55:00,224 - ClasspathResourceLoader : initialization complete.
2015-04-07 15:55:00,224 - ResourceCache : initialized. (class org.apache.velocity.runtime.resource.ResourceCacheImpl)
2015-04-07 15:55:00,224 - Default ResourceManager initialization complete.
2015-04-07 15:55:00,224 - Loaded System Directive: org.apache.velocity.runtime.directive.Literal
2015-04-07 15:55:00,240 - Loaded System Directive: org.apache.velocity.runtime.directive.Macro
2015-04-07 15:55:00,240 - Loaded System Directive: org.apache.velocity.runtime.directive.Parse
2015-04-07 15:55:00,240 - Loaded System Directive: org.apache.velocity.runtime.directive.Include
2015-04-07 15:55:00,240 - Loaded System Directive: org.apache.velocity.runtime.directive.Foreach
2015-04-07 15:55:00,271 - Created: 20 parsers.
2015-04-07 15:55:00,287 - Velocimacro : initialization starting.
2015-04-07 15:55:00,287 - Velocimacro : adding VMs from VM library template : VM_global_library.vm
2015-04-07 15:55:00,287 - ResourceManager : unable to find resource 'VM_global_library.vm' in any resource loader.
2015-04-07 15:55:00,287 - Velocimacro : error using  VM library template VM_global_library.vm : org.apache.velocity.exception.ResourceNotFoundException: Unable to find resource 'VM_global_library.vm'
2015-04-07 15:55:00,287 - Velocimacro :  VM library template macro registration complete.
2015-04-07 15:55:00,287 - Velocimacro : allowInline = true : VMs can be defined inline in templates
2015-04-07 15:55:00,287 - Velocimacro : allowInlineToOverride = false : VMs defined inline may NOT replace previous VM definitions
2015-04-07 15:55:00,287 - Velocimacro : allowInlineLocal = false : VMs defined inline will be  global in scope if allowed.
2015-04-07 15:55:00,287 - Velocimacro : messages on  : VM system will output logging messages
2015-04-07 15:55:00,287 - Velocimacro : autoload off  : VM system will not automatically reload global library macros
2015-04-07 15:55:00,287 - Velocimacro : initialization complete.
2015-04-07 15:55:00,287 - Velocity successfully started.
2015-04-07 16:05:48,305 - SimpleLog4JLogSystem initialized using logfile 'velocity.log'
2015-04-07 16:05:48,305 - ************************************************************** 
2015-04-07 16:05:48,305 - Starting Jakarta Velocity v1.4
2015-04-07 16:05:48,305 - RuntimeInstance initializing.
2015-04-07 16:05:48,305 - Default Properties File: org\apache\velocity\runtime\defaults\velocity.properties
2015-04-07 16:05:48,305 - Trying to use logger class org.apache.velocity.runtime.log.SimpleLog4JLogSystem
2015-04-07 16:05:48,305 - Using logger class org.apache.velocity.runtime.log.SimpleLog4JLogSystem
2015-04-07 16:05:48,305 - Default ResourceManager initializing. (class org.apache.velocity.runtime.resource.ResourceManagerImpl)
2015-04-07 16:05:48,305 - Resource Loader Instantiated: org.apache.velocity.runtime.resource.loader.ClasspathResourceLoader
2015-04-07 16:05:48,305 - ClasspathResourceLoader : initialization starting.
2015-04-07 16:05:48,305 - ClasspathResourceLoader : initialization complete.
2015-04-07 16:05:48,305 - ResourceCache : initialized. (class org.apache.velocity.runtime.resource.ResourceCacheImpl)
2015-04-07 16:05:48,305 - Default ResourceManager initialization complete.
2015-04-07 16:05:48,321 - Loaded System Directive: org.apache.velocity.runtime.directive.Literal
2015-04-07 16:05:48,321 - Loaded System Directive: org.apache.velocity.runtime.directive.Macro
2015-04-07 16:05:48,321 - Loaded System Directive: org.apache.velocity.runtime.directive.Parse
2015-04-07 16:05:48,321 - Loaded System Directive: org.apache.velocity.runtime.directive.Include
2015-04-07 16:05:48,321 - Loaded System Directive: org.apache.velocity.runtime.directive.Foreach
2015-04-07 16:05:48,367 - Created: 20 parsers.
2015-04-07 16:05:48,383 - Velocimacro : initialization starting.
2015-04-07 16:05:48,383 - Velocimacro : adding VMs from VM library template : VM_global_library.vm
2015-04-07 16:05:48,399 - ResourceManager : unable to find resource 'VM_global_library.vm' in any resource loader.
2015-04-07 16:05:48,399 - Velocimacro : error using  VM library template VM_global_library.vm : org.apache.velocity.exception.ResourceNotFoundException: Unable to find resource 'VM_global_library.vm'
2015-04-07 16:05:48,399 - Velocimacro :  VM library template macro registration complete.
2015-04-07 16:05:48,399 - Velocimacro : allowInline = true : VMs can be defined inline in templates
2015-04-07 16:05:48,399 - Velocimacro : allowInlineToOverride = false : VMs defined inline may NOT replace previous VM definitions
2015-04-07 16:05:48,399 - Velocimacro : allowInlineLocal = false : VMs defined inline will be  global in scope if allowed.
2015-04-07 16:05:48,399 - Velocimacro : messages on  : VM system will output logging messages
2015-04-07 16:05:48,399 - Velocimacro : autoload off  : VM system will not automatically reload global library macros
2015-04-07 16:05:48,399 - Velocimacro : initialization complete.
2015-04-07 16:05:48,399 - Velocity successfully started.
2015-04-09 16:41:26,988 - SimpleLog4JLogSystem initialized using logfile 'velocity.log'
2015-04-09 16:41:27,008 - ************************************************************** 
2015-04-09 16:41:27,008 - Starting Jakarta Velocity v1.4
2015-04-09 16:41:27,008 - RuntimeInstance initializing.
2015-04-09 16:41:27,008 - Default Properties File: org\apache\velocity\runtime\defaults\velocity.properties
2015-04-09 16:41:27,009 - Trying to use logger class org.apache.velocity.runtime.log.SimpleLog4JLogSystem
2015-04-09 16:41:27,009 - Using logger class org.apache.velocity.runtime.log.SimpleLog4JLogSystem
2015-04-09 16:41:27,016 - Default ResourceManager initializing. (class org.apache.velocity.runtime.resource.ResourceManagerImpl)
2015-04-09 16:41:27,023 - Resource Loader Instantiated: org.apache.velocity.runtime.resource.loader.ClasspathResourceLoader
2015-04-09 16:41:27,024 - ClasspathResourceLoader : initialization starting.
2015-04-09 16:41:27,024 - ClasspathResourceLoader : initialization complete.
2015-04-09 16:41:27,028 - ResourceCache : initialized. (class org.apache.velocity.runtime.resource.ResourceCacheImpl)
2015-04-09 16:41:27,028 - Default ResourceManager initialization complete.
2015-04-09 16:41:27,036 - Loaded System Directive: org.apache.velocity.runtime.directive.Literal
2015-04-09 16:41:27,041 - Loaded System Directive: org.apache.velocity.runtime.directive.Macro
2015-04-09 16:41:27,048 - Loaded System Directive: org.apache.velocity.runtime.directive.Parse
2015-04-09 16:41:27,053 - Loaded System Directive: org.apache.velocity.runtime.directive.Include
2015-04-09 16:41:27,056 - Loaded System Directive: org.apache.velocity.runtime.directive.Foreach
2015-04-09 16:41:27,121 - Created: 20 parsers.
2015-04-09 16:41:27,143 - Velocimacro : initialization starting.
2015-04-09 16:41:27,143 - Velocimacro : adding VMs from VM library template : VM_global_library.vm
2015-04-09 16:41:27,162 - ResourceManager : unable to find resource 'VM_global_library.vm' in any resource loader.
2015-04-09 16:41:27,162 - Velocimacro : error using  VM library template VM_global_library.vm : org.apache.velocity.exception.ResourceNotFoundException: Unable to find resource 'VM_global_library.vm'
2015-04-09 16:41:27,162 - Velocimacro :  VM library template macro registration complete.
2015-04-09 16:41:27,162 - Velocimacro : allowInline = true : VMs can be defined inline in templates
2015-04-09 16:41:27,162 - Velocimacro : allowInlineToOverride = false : VMs defined inline may NOT replace previous VM definitions
2015-04-09 16:41:27,162 - Velocimacro : allowInlineLocal = false : VMs defined inline will be  global in scope if allowed.
2015-04-09 16:41:27,163 - Velocimacro : messages on  : VM system will output logging messages
2015-04-09 16:41:27,163 - Velocimacro : autoload off  : VM system will not automatically reload global library macros
2015-04-09 16:41:27,163 - Velocimacro : initialization complete.
2015-04-09 16:41:27,163 - Velocity successfully started.
2015-04-21 13:42:06,075 - SimpleLog4JLogSystem initialized using logfile 'velocity.log'
2015-04-21 13:42:06,107 - ************************************************************** 
2015-04-21 13:42:06,107 - Starting Jakarta Velocity v1.4
2015-04-21 13:42:06,107 - RuntimeInstance initializing.
2015-04-21 13:42:06,107 - Default Properties File: org\apache\velocity\runtime\defaults\velocity.properties
2015-04-21 13:42:06,107 - Trying to use logger class org.apache.velocity.runtime.log.SimpleLog4JLogSystem
2015-04-21 13:42:06,107 - Using logger class org.apache.velocity.runtime.log.SimpleLog4JLogSystem
2015-04-21 13:42:06,107 - Default ResourceManager initializing. (class org.apache.velocity.runtime.resource.ResourceManagerImpl)
2015-04-21 13:42:06,122 - Resource Loader Instantiated: org.apache.velocity.runtime.resource.loader.ClasspathResourceLoader
2015-04-21 13:42:06,122 - ClasspathResourceLoader : initialization starting.
2015-04-21 13:42:06,122 - ClasspathResourceLoader : initialization complete.
2015-04-21 13:42:06,122 - ResourceCache : initialized. (class org.apache.velocity.runtime.resource.ResourceCacheImpl)
2015-04-21 13:42:06,122 - Default ResourceManager initialization complete.
2015-04-21 13:42:06,122 - Loaded System Directive: org.apache.velocity.runtime.directive.Literal
2015-04-21 13:42:06,122 - Loaded System Directive: org.apache.velocity.runtime.directive.Macro
2015-04-21 13:42:06,138 - Loaded System Directive: org.apache.velocity.runtime.directive.Parse
2015-04-21 13:42:06,138 - Loaded System Directive: org.apache.velocity.runtime.directive.Include
2015-04-21 13:42:06,138 - Loaded System Directive: org.apache.velocity.runtime.directive.Foreach
2015-04-21 13:42:06,185 - Created: 20 parsers.
2015-04-21 13:42:06,200 - Velocimacro : initialization starting.
2015-04-21 13:42:06,200 - Velocimacro : adding VMs from VM library template : VM_global_library.vm
2015-04-21 13:42:06,263 - ResourceManager : unable to find resource 'VM_global_library.vm' in any resource loader.
2015-04-21 13:42:06,263 - Velocimacro : error using  VM library template VM_global_library.vm : org.apache.velocity.exception.ResourceNotFoundException: Unable to find resource 'VM_global_library.vm'
2015-04-21 13:42:06,263 - Velocimacro :  VM library template macro registration complete.
2015-04-21 13:42:06,263 - Velocimacro : allowInline = true : VMs can be defined inline in templates
2015-04-21 13:42:06,263 - Velocimacro : allowInlineToOverride = false : VMs defined inline may NOT replace previous VM definitions
2015-04-21 13:42:06,263 - Velocimacro : allowInlineLocal = false : VMs defined inline will be  global in scope if allowed.
2015-04-21 13:42:06,263 - Velocimacro : messages on  : VM system will output logging messages
2015-04-21 13:42:06,263 - Velocimacro : autoload off  : VM system will not automatically reload global library macros
2015-04-21 13:42:06,263 - Velocimacro : initialization complete.
2015-04-21 13:42:06,263 - Velocity successfully started.
2015-04-22 13:02:09,427 - SimpleLog4JLogSystem initialized using logfile 'velocity.log'
2015-04-22 13:02:09,463 - ************************************************************** 
2015-04-22 13:02:09,463 - Starting Jakarta Velocity v1.4
2015-04-22 13:02:09,463 - RuntimeInstance initializing.
2015-04-22 13:02:09,463 - Default Properties File: org\apache\velocity\runtime\defaults\velocity.properties
2015-04-22 13:02:09,463 - Trying to use logger class org.apache.velocity.runtime.log.SimpleLog4JLogSystem
2015-04-22 13:02:09,463 - Using logger class org.apache.velocity.runtime.log.SimpleLog4JLogSystem
2015-04-22 13:02:09,467 - Default ResourceManager initializing. (class org.apache.velocity.runtime.resource.ResourceManagerImpl)
2015-04-22 13:02:09,471 - Resource Loader Instantiated: org.apache.velocity.runtime.resource.loader.ClasspathResourceLoader
2015-04-22 13:02:09,471 - ClasspathResourceLoader : initialization starting.
2015-04-22 13:02:09,471 - ClasspathResourceLoader : initialization complete.
2015-04-22 13:02:09,473 - ResourceCache : initialized. (class org.apache.velocity.runtime.resource.ResourceCacheImpl)
2015-04-22 13:02:09,473 - Default ResourceManager initialization complete.
2015-04-22 13:02:09,478 - Loaded System Directive: org.apache.velocity.runtime.directive.Literal
2015-04-22 13:02:09,480 - Loaded System Directive: org.apache.velocity.runtime.directive.Macro
2015-04-22 13:02:09,483 - Loaded System Directive: org.apache.velocity.runtime.directive.Parse
2015-04-22 13:02:09,485 - Loaded System Directive: org.apache.velocity.runtime.directive.Include
2015-04-22 13:02:09,486 - Loaded System Directive: org.apache.velocity.runtime.directive.Foreach
2015-04-22 13:02:09,521 - Created: 20 parsers.
2015-04-22 13:02:09,532 - Velocimacro : initialization starting.
2015-04-22 13:02:09,532 - Velocimacro : adding VMs from VM library template : VM_global_library.vm
2015-04-22 13:02:09,544 - ResourceManager : unable to find resource 'VM_global_library.vm' in any resource loader.
2015-04-22 13:02:09,544 - Velocimacro : error using  VM library template VM_global_library.vm : org.apache.velocity.exception.ResourceNotFoundException: Unable to find resource 'VM_global_library.vm'
2015-04-22 13:02:09,544 - Velocimacro :  VM library template macro registration complete.
2015-04-22 13:02:09,544 - Velocimacro : allowInline = true : VMs can be defined inline in templates
2015-04-22 13:02:09,544 - Velocimacro : allowInlineToOverride = false : VMs defined inline may NOT replace previous VM definitions
2015-04-22 13:02:09,544 - Velocimacro : allowInlineLocal = false : VMs defined inline will be  global in scope if allowed.
2015-04-22 13:02:09,544 - Velocimacro : messages on  : VM system will output logging messages
2015-04-22 13:02:09,544 - Velocimacro : autoload off  : VM system will not automatically reload global library macros
2015-04-22 13:02:09,544 - Velocimacro : initialization complete.
2015-04-22 13:02:09,544 - Velocity successfully started.
2015-04-22 13:12:24,711 - SimpleLog4JLogSystem initialized using logfile 'velocity.log'
2015-04-22 13:12:24,711 - ************************************************************** 
2015-04-22 13:12:24,712 - Starting Jakarta Velocity v1.4
2015-04-22 13:12:24,712 - RuntimeInstance initializing.
2015-04-22 13:12:24,712 - Default Properties File: org\apache\velocity\runtime\defaults\velocity.properties
2015-04-22 13:12:24,712 - Trying to use logger class org.apache.velocity.runtime.log.SimpleLog4JLogSystem
2015-04-22 13:12:24,712 - Using logger class org.apache.velocity.runtime.log.SimpleLog4JLogSystem
2015-04-22 13:12:24,720 - Default ResourceManager initializing. (class org.apache.velocity.runtime.resource.ResourceManagerImpl)
2015-04-22 13:12:24,729 - Resource Loader Instantiated: org.apache.velocity.runtime.resource.loader.ClasspathResourceLoader
2015-04-22 13:12:24,729 - ClasspathResourceLoader : initialization starting.
2015-04-22 13:12:24,729 - ClasspathResourceLoader : initialization complete.
2015-04-22 13:12:24,734 - ResourceCache : initialized. (class org.apache.velocity.runtime.resource.ResourceCacheImpl)
2015-04-22 13:12:24,734 - Default ResourceManager initialization complete.
2015-04-22 13:12:24,743 - Loaded System Directive: org.apache.velocity.runtime.directive.Literal
2015-04-22 13:12:24,748 - Loaded System Directive: org.apache.velocity.runtime.directive.Macro
2015-04-22 13:12:24,754 - Loaded System Directive: org.apache.velocity.runtime.directive.Parse
2015-04-22 13:12:24,759 - Loaded System Directive: org.apache.velocity.runtime.directive.Include
2015-04-22 13:12:24,761 - Loaded System Directive: org.apache.velocity.runtime.directive.Foreach
2015-04-22 13:12:24,823 - Created: 20 parsers.
2015-04-22 13:12:24,845 - Velocimacro : initialization starting.
2015-04-22 13:12:24,846 - Velocimacro : adding VMs from VM library template : VM_global_library.vm
2015-04-22 13:12:24,919 - ResourceManager : unable to find resource 'VM_global_library.vm' in any resource loader.
2015-04-22 13:12:24,919 - Velocimacro : error using  VM library template VM_global_library.vm : org.apache.velocity.exception.ResourceNotFoundException: Unable to find resource 'VM_global_library.vm'
2015-04-22 13:12:24,919 - Velocimacro :  VM library template macro registration complete.
2015-04-22 13:12:24,919 - Velocimacro : allowInline = true : VMs can be defined inline in templates
2015-04-22 13:12:24,919 - Velocimacro : allowInlineToOverride = false : VMs defined inline may NOT replace previous VM definitions
2015-04-22 13:12:24,919 - Velocimacro : allowInlineLocal = false : VMs defined inline will be  global in scope if allowed.
2015-04-22 13:12:24,919 - Velocimacro : messages on  : VM system will output logging messages
2015-04-22 13:12:24,919 - Velocimacro : autoload off  : VM system will not automatically reload global library macros
2015-04-22 13:12:24,919 - Velocimacro : initialization complete.
2015-04-22 13:12:24,919 - Velocity successfully started.
